<?xml version="1.0" encoding="UTF-8"?>
<testsuite name="com.ford.vaadin.TicketServicioTest" tests="8" skipped="0" failures="0" errors="0" timestamp="2025-04-14T03:58:23" hostname="JNBS" time="0.105">
  <properties/>
  <testcase name="testDescripcionNulaLanzaExcepcion()" classname="com.ford.vaadin.TicketServicioTest" time="0.042"/>
  <testcase name="testDatosDelCliente()" classname="com.ford.vaadin.TicketServicioTest" time="0.003"/>
  <testcase name="testEstadoInvalidoLanzaExcepcion()" classname="com.ford.vaadin.TicketServicioTest" time="0.006"/>
  <testcase name="testEstadoInicial()" classname="com.ford.vaadin.TicketServicioTest" time="0.009"/>
  <testcase name="testFechaCreacion()" classname="com.ford.vaadin.TicketServicioTest" time="0.005"/>
  <testcase name="testCreacionDeTicket()" classname="com.ford.vaadin.TicketServicioTest" time="0.004"/>
  <testcase name="testAsuntoVacioLanzaExcepcion()" classname="com.ford.vaadin.TicketServicioTest" time="0.004"/>
  <testcase name="testIdGenerado()" classname="com.ford.vaadin.TicketServicioTest" time="0.003"/>
  <system-out><![CDATA[]]></system-out>
  <system-err><![CDATA[]]></system-err>
</testsuite>
